<?xml version="1.0" encoding="UTF-8"?>
<!-- Generated by org.testng.reporters.JUnitReportReporter -->
<testsuite hostname="LAPTOP-0DACUFBP" name="TestPages.VacationsPageTest" tests="1" failures="0" timestamp="30 Oct 2020 13:18:42 GMT" time="2.003" errors="0">
  <testcase name="movetoVacationPage" time="2.003" classname="TestPages.VacationsPageTest"/>
</testsuite> <!-- TestPages.VacationsPageTest -->
