<?xml version="1.0" encoding="UTF-8"?>
<!-- Generated by org.testng.reporters.JUnitReportReporter -->
<testsuite hostname="LAPTOP-0DACUFBP" name="TestPages.PurchasePageTest" tests="2" failures="0" timestamp="30 Oct 2020 15:46:48 GMT" time="2.001" errors="0">
  <testcase name="m1" time="0.773" classname="TestPages.PurchasePageTest"/>
  <testcase name="m2" time="1.228" classname="TestPages.PurchasePageTest"/>
</testsuite> <!-- TestPages.PurchasePageTest -->
