<?xml version="1.0" encoding="UTF-8"?>
<!-- Generated by org.testng.reporters.JUnitReportReporter -->
<testsuite hostname="LAPTOP-0DACUFBP" name="TestPages.HomePageTest" tests="2" failures="0" timestamp="30 Oct 2020 13:22:31 GMT" time="6.105" errors="0">
  <testcase name="homepageHeaderValidationTest" time="0.147" classname="TestPages.HomePageTest"/>
  <testcase name="FlightSelectionTest" time="5.958" classname="TestPages.HomePageTest"/>
</testsuite> <!-- TestPages.HomePageTest -->
