<?xml version="1.0" encoding="UTF-8"?>
<!-- Generated by org.testng.reporters.JUnitReportReporter -->
<testsuite hostname="LAPTOP-0DACUFBP" name="TestPages.ReservePageTest" tests="1" failures="0" timestamp="30 Oct 2020 13:28:23 GMT" time="0.649" errors="0">
  <testcase name="ReserveFlights" time="0.649" classname="TestPages.ReservePageTest"/>
</testsuite> <!-- TestPages.ReservePageTest -->
