<?xml version="1.0" encoding="UTF-8"?>
<!-- Generated by org.testng.reporters.JUnitReportReporter -->
<testsuite hostname="LAPTOP-0DACUFBP" name="TestPages.ConfirmationPageTest" tests="2" failures="0" timestamp="30 Oct 2020 16:04:13 GMT" time="2.313" errors="0">
  <testcase name="md2" time="0.039" classname="TestPages.ConfirmationPageTest"/>
  <testcase name="md" time="2.274" classname="TestPages.ConfirmationPageTest"/>
</testsuite> <!-- TestPages.ConfirmationPageTest -->
